<?xml version="1.0" encoding="UTF-8"?>
<testsuite name="org.apache.flink.api.java.type.extractor.TypeExtractorTest" time="0.137" tests="49" errors="0" skipped="0" failures="0">
  <properties>
[...]
</properties>
  <testcase name="testSubclassOfTuple" classname="org.apache.flink.api.java.type.extractor.TypeExtractorTest" time="0.011"/>
  <testcase name="testFunctionDependingOnInputWithTupleInput" classname="org.apache.flink.api.java.type.extractor.TypeExtractorTest" time="0.002"/>
  <testcase name="testFunctionDependingOnInputWithTupleInputWithTypeMismatch" classname="org.apache.flink.api.java.type.extractor.TypeExtractorTest" time="0.001"/>
  <testcase name="testBasicArray2" classname="org.apache.flink.api.java.type.extractor.TypeExtractorTest" time="0.003"/>
  <testcase name="testNestedTupleGenerics" classname="org.apache.flink.api.java.type.extractor.TypeExtractorTest" time="0.013"/>
  <testcase name="testBasicArray" classname="org.apache.flink.api.java.type.extractor.TypeExtractorTest" time="0.012"/>
  <testcase name="testCustomArrayWithTypeVariable" classname="org.apache.flink.api.java.type.extractor.TypeExtractorTest" time="0.002"/>
  <testcase name="testParamertizedCustomObject" classname="org.apache.flink.api.java.type.extractor.TypeExtractorTest" time="0.005"/>
  <testcase name="testFunctionDependingOnInputFromInput" classname="org.apache.flink.api.java.type.extractor.TypeExtractorTest" time="0.001"/>
  <testcase name="testGenericsInDirectSuperclass" classname="org.apache.flink.api.java.type.extractor.TypeExtractorTest" time="0.008"/>
  <testcase name="testMissingTupleGenericsException" classname="org.apache.flink.api.java.type.extractor.TypeExtractorTest" time="0.001"/>
  <testcase name="testValue" classname="org.apache.flink.api.java.type.extractor.TypeExtractorTest" time="0.002"/>
  <testcase name="testTupleArray" classname="org.apache.flink.api.java.type.extractor.TypeExtractorTest" time="0.003"/>
  <testcase name="testBasicType" classname="org.apache.flink.api.java.type.extractor.TypeExtractorTest" time="0.003"/>
  <testcase name="testResultTypeQueryable" classname="org.apache.flink.api.java.type.extractor.TypeExtractorTest" time="0.001"/>
  <testcase name="testFunctionDependingPartialOnInput2" classname="org.apache.flink.api.java.type.extractor.TypeExtractorTest" time="0.002"/>
  <testcase name="testValueSupertypeException" classname="org.apache.flink.api.java.type.extractor.TypeExtractorTest" time="0.001"/>
  <testcase name="testWritableType" classname="org.apache.flink.api.java.type.extractor.TypeExtractorTest" time="0.004"/>
  <testcase name="testExtractKeySelector" classname="org.apache.flink.api.java.type.extractor.TypeExtractorTest" time="0.002"/>
  <testcase name="testInputMismatchExceptions" classname="org.apache.flink.api.java.type.extractor.TypeExtractorTest" time="0.007"/>
  <testcase name="testFunctionDependingOnInputWithMissingInput" classname="org.apache.flink.api.java.type.extractor.TypeExtractorTest" time="0.001"/>
  <testcase name="testChainedGenericsNotInSuperclass" classname="org.apache.flink.api.java.type.extractor.TypeExtractorTest" time="0.003"/>
  <testcase name="testSameGenericVariable" classname="org.apache.flink.api.java.type.extractor.TypeExtractorTest" time="0.002"/>
  <testcase name="testFunctionDependingOnInputWithFunctionHierarchy2" classname="org.apache.flink.api.java.type.extractor.TypeExtractorTest" time="0.001"/>
  <testcase name="testFunctionDependingOnInputException" classname="org.apache.flink.api.java.type.extractor.TypeExtractorTest" time="0.001"/>
  <testcase name="testTupleSupertype" classname="org.apache.flink.api.java.type.extractor.TypeExtractorTest" time="0.001"/>
  <testcase name="testFunctionDependingOnInputWithFunctionHierarchy" classname="org.apache.flink.api.java.type.extractor.TypeExtractorTest" time="0.001"/>
  <testcase name="testFunctionWithMissingGenerics" classname="org.apache.flink.api.java.type.extractor.TypeExtractorTest" time="0"/>
  <testcase name="testGenericsNotInSuperclass" classname="org.apache.flink.api.java.type.extractor.TypeExtractorTest" time="0.002"/>
  <testcase name="testFunctionInputInOutputMultipleTimes2" classname="org.apache.flink.api.java.type.extractor.TypeExtractorTest" time="0.001"/>
  <testcase name="testGenericsNotInSuperclassWithNonGenericClassAtEnd" classname="org.apache.flink.api.java.type.extractor.TypeExtractorTest" time="0.002"/>
  <testcase name="testTypeErasureException" classname="org.apache.flink.api.java.type.extractor.TypeExtractorTest" time="0.002"/>
  <testcase name="testTupleWithCustomType" classname="org.apache.flink.api.java.type.extractor.TypeExtractorTest" time="0.003"/>
  <testcase name="testParameterizedArrays" classname="org.apache.flink.api.java.type.extractor.TypeExtractorTest" time="0.002"/>
  <testcase name="testTupleWithTuples" classname="org.apache.flink.api.java.type.extractor.TypeExtractorTest" time="0.004"/>
  <testcase name="testInterface" classname="org.apache.flink.api.java.type.extractor.TypeExtractorTest" time="0.001"/>
  <testcase name="testTupleWithBasicTypes" classname="org.apache.flink.api.java.type.extractor.TypeExtractorTest" time="0.003"/>
  <testcase name="testFunctionDependingPartialOnInput" classname="org.apache.flink.api.java.type.extractor.TypeExtractorTest" time="0.002"/>
  <testcase name="testFunctionDependingOnInputWithCustomTupleInput" classname="org.apache.flink.api.java.type.extractor.TypeExtractorTest" time="0.001"/>
  <testcase name="testFunctionInputInOutputMultipleTimes" classname="org.apache.flink.api.java.type.extractor.TypeExtractorTest" time="0.001"/>
  <testcase name="testFunctionWithNoGenericSuperclass" classname="org.apache.flink.api.java.type.extractor.TypeExtractorTest" time="0"/>
  <testcase name="testFunctionDependingOnInputAsSuperclass" classname="org.apache.flink.api.java.type.extractor.TypeExtractorTest" time="0.001"/>
  <testcase name="testCustomArray" classname="org.apache.flink.api.java.type.extractor.TypeExtractorTest" time="0.002"/>
  <testcase name="testTupleOfValues" classname="org.apache.flink.api.java.type.extractor.TypeExtractorTest" time="0.003"/>
  <testcase name="testCustomType" classname="org.apache.flink.api.java.type.extractor.TypeExtractorTest" time="0.003"/>
  <testcase name="testNestedTupleGenerics2" classname="org.apache.flink.api.java.type.extractor.TypeExtractorTest" time="0.005"/>
  <testcase name="testTupleWithPrimitiveArray" classname="org.apache.flink.api.java.type.extractor.TypeExtractorTest" time="0.003"/>
  <testcase name="testFunction" classname="org.apache.flink.api.java.type.extractor.TypeExtractorTest" time="0.001"/>
  <testcase name="testAbstractAndInterfaceTypesException" classname="org.apache.flink.api.java.type.extractor.TypeExtractorTest" time="0.001"/>
</testsuite>